<?xml version="1.0" encoding="UTF-8"?>
<!-- Generated by org.testng.reporters.JUnitReportReporter -->
<testsuite hostname="SANGEETHA-PC" failures="0" tests="10" name="com.pomwithpagefactoryusingparametersnew.Scripts.FlightTest" time="54.205" errors="0" timestamp="2023-03-05T20:28:37 AST" skipped="0">
  <testcase classname="com.pomwithpagefactoryusingparametersnew.Scripts.FlightTest" name="verifyLoginwithValidUsernameandInvalidPassword" time="4.023"/>
  <system-out/>
  <testcase classname="com.pomwithpagefactoryusingparametersnew.Scripts.FlightTest" name="verifyLoginwithValidUsernameandInvalidPassword" time="4.183"/>
  <system-out/>
  <testcase classname="com.pomwithpagefactoryusingparametersnew.Scripts.FlightTest" name="verifyLoginwithInvalidUsernameandValidPassword" time="4.404"/>
  <system-out/>
  <testcase classname="com.pomwithpagefactoryusingparametersnew.Scripts.FlightTest" name="verifyLoginwithInvalidUsernameandValidPassword" time="4.186"/>
  <system-out/>
  <testcase classname="com.pomwithpagefactoryusingparametersnew.Scripts.FlightTest" name="verifyLoginwithInvalidUsernameandInvalidPassword" time="9.500"/>
  <system-out/>
  <testcase classname="com.pomwithpagefactoryusingparametersnew.Scripts.FlightTest" name="verifyLoginwithInvalidUsernameandInvalidPassword" time="3.642"/>
  <system-out/>
  <testcase classname="com.pomwithpagefactoryusingparametersnew.Scripts.FlightTest" name="verifyLoginwithValidUsernameandValidPassword" time="3.842"/>
  <system-out/>
  <testcase classname="com.pomwithpagefactoryusingparametersnew.Scripts.FlightTest" name="verifyLoginwithValidUsernameandValidPassword" time="4.032"/>
  <system-out/>
  <testcase classname="com.pomwithpagefactoryusingparametersnew.Scripts.FlightTest" name="flight" time="5.732"/>
  <system-out/>
  <testcase classname="com.pomwithpagefactoryusingparametersnew.Scripts.FlightTest" name="flight" time="10.661"/>
  <system-out/>
</testsuite> <!-- com.pomwithpagefactoryusingparametersnew.Scripts.FlightTest -->
